Arguments: 
  /usr/local/Cellar/node/15.0.1/bin/node /usr/local/Cellar/yarn/1.22.10/libexec/bin/yarn.js

PATH: 
  /Users/vla3946/.rvm/gems/ruby-2.6.3/bin:/Users/vla3946/.rvm/gems/ruby-2.6.3@global/bin:/Users/vla3946/.rvm/rubies/ruby-2.6.3/bin:/usr/local/share/python:/Users/vla3946/bin:/usr/local/bin:/usr/bin:/bin:/usr/sbin:/sbin:/Library/Apple/usr/bin:/Users/vla3946/.rvm/bin

Yarn version: 
  1.22.10

Node version: 
  15.0.1

Platform: 
  darwin x64

Trace: 
  SyntaxError: /Users/vla3946/dev/Viseo/project/Lydia/night/boat-savior/package.json: Unexpected token } in JSON at position 303
      at JSON.parse (<anonymous>)
      at /usr/local/Cellar/yarn/1.22.10/libexec/lib/cli.js:1625:59
      at Generator.next (<anonymous>)
      at step (/usr/local/Cellar/yarn/1.22.10/libexec/lib/cli.js:310:30)
      at /usr/local/Cellar/yarn/1.22.10/libexec/lib/cli.js:321:13

npm manifest: 
  {
     "private": true,
     "name": "example-monorepo",
     "workspaces": ["boat-savior"],
     "scripts": {}
  }

yarn manifest: 
  No manifest

Lockfile: 
  # THIS IS AN AUTOGENERATED FILE. DO NOT EDIT THIS FILE DIRECTLY.
  # yarn lockfile v1
